<?xml version="1.0" encoding="UTF-8"?>
<!-- Generated by org.testng.reporters.JUnitReportReporter -->
<testsuite hostname="ruwali" name="com.affinity.qa.tests.AdminPageTest" tests="2" failures="0" timestamp="4 May 2018 16:55:20 GMT" time="24.545" errors="0">
  <testcase name="verifyCalendarLinkTest" time="12.415" classname="com.affinity.qa.tests.AdminPageTest"/>
  <testcase name="verifyMessageLinkTest" time="12.130" classname="com.affinity.qa.tests.AdminPageTest"/>
</testsuite> <!-- com.affinity.qa.tests.AdminPageTest -->
