<?xml version="1.0" encoding="UTF-8"?>
<!-- Generated by org.testng.reporters.JUnitReportReporter -->
<testsuite hostname="ruwali" name="com.affinity.qa.tests.LoginPageTest" tests="3" failures="0" timestamp="4 May 2018 16:55:20 GMT" time="33.988" errors="0">
  <testcase name="loginPageTitleTest" time="9.842" classname="com.affinity.qa.tests.LoginPageTest"/>
  <testcase name="affinityImageLogoTest" time="10.253" classname="com.affinity.qa.tests.LoginPageTest"/>
  <testcase name="loginTest" time="13.893" classname="com.affinity.qa.tests.LoginPageTest"/>
</testsuite> <!-- com.affinity.qa.tests.LoginPageTest -->
